<?xml version="1.0" encoding="UTF-8"?>
<!-- Generated by org.testng.reporters.JUnitXMLReporter -->
<testsuite ignored="0" hostname="LAPTOP-LP85U5CF" failures="0" tests="3" name="Default test" time="118.599" errors="0" timestamp="2026-05-04T14:40:36 IST">
  <testcase classname="tests.SearchTest" name="searchForLaptop" time="72.859"/>
  <testcase classname="tests.SearchTest" name="searchForMobile" time="12.381"/>
  <testcase classname="tests.SearchTest" name="verifySearchURLContainsKeyword" time="13.192"/>
</testsuite> <!-- Default test -->
