<?xml version="1.0" encoding="UTF-8"?>
<!-- Generated by org.testng.reporters.JUnitXMLReporter -->
<testsuite ignored="0" hostname="LAPTOP-LP85U5CF" failures="0" tests="3" name="Search Tests" time="57.235" errors="0" timestamp="2026-05-04T14:58:05 IST">
  <testcase classname="tests.SearchTest" name="searchForLaptop" time="13.319"/>
  <testcase classname="tests.SearchTest" name="searchForMobile" time="13.257"/>
  <testcase classname="tests.SearchTest" name="verifySearchURLContainsKeyword" time="12.519"/>
</testsuite> <!-- Search Tests -->
