<?xml version="1.0" encoding="UTF-8"?>
<!-- Generated by org.testng.reporters.JUnitReportReporter -->
<testsuite hostname="LAPTOP-LP85U5CF" failures="0" tests="3" name="tests.SearchTest" time="57.226" errors="0" timestamp="2026-05-04T14:58:06 IST" skipped="0">
  <testcase classname="tests.SearchTest" name="searchForLaptop" time="18.997"/>
  <testcase classname="tests.SearchTest" name="searchForMobile" time="19.505"/>
  <testcase classname="tests.SearchTest" name="verifySearchURLContainsKeyword" time="18.724"/>
</testsuite> <!-- tests.SearchTest -->
