<?xml version="1.0" encoding="UTF-8"?>
<!-- Generated by org.testng.reporters.JUnitXMLReporter -->
<testsuite ignored="0" hostname="LAPTOP-LP85U5CF" failures="4" tests="7" name="Test" time="184.862" errors="0" timestamp="2026-05-04T14:44:35 IST">
  <testcase classname="tests.HomePageTest" name="verifyFlipkartTitle" time="10.091">
    <failure type="java.lang.AssertionError" message="Title should contain &amp;apos;Flipkart&amp;apos; expected [true] but found [false]">
      <![CDATA[java.lang.AssertionError: Title should contain 'Flipkart' expected [true] but found [false]
at tests.HomePageTest.verifyFlipkartTitle(HomePageTest.java:18)
at java.base/java.util.ArrayList.forEach(ArrayList.java:1596)
... Removed 28 stack frames]]>
    </failure>
  </testcase> <!-- verifyFlipkartTitle -->
  <testcase classname="tests.HomePageTest" name="verifySearchBoxIsPresent" time="12.635"/>
  <testcase classname="tests.LoginTest" name="verifyLoginPageOpens" time="11.237">
    <failure type="org.openqa.selenium.ElementClickInterceptedException" message="element click intercepted: Element &amp;lt;a class=&amp;quot;BHnOJf&amp;quot; href=&amp;quot;/account/login?ret=/&amp;quot;&amp;gt;...&amp;lt;/a&amp;gt; is not clickable at point (1168, 147). Other element would receive the click: &amp;lt;div class=&amp;quot;mcO4kT RFBkxv&amp;quot; tabindex=&amp;quot;-1&amp;quot;&amp;gt;...&amp;lt;/div&amp;gt;
  (Session info: chrome=147.0.7727.138)
Build info: version: &amp;apos;4.21.0&amp;apos;, revision: &amp;apos;79ed462ef4&amp;apos;
System info: os.name: &amp;apos;Windows 11&amp;apos;, os.arch: &amp;apos;amd64&amp;apos;, os.version: &amp;apos;10.0&amp;apos;, java.version: &amp;apos;21.0.7&amp;apos;
Driver info: org.openqa.selenium.chrome.ChromeDriver
Command: [f2845fc219a92e5eeb5355ec64ba8e94, clickElement {id=f.5C106DFB5ED73F84DD57401AAB3BACAB.d.2D623E6A7686E79620211D446682217D.e.99}]
Capabilities {acceptInsecureCerts: false, browserName: chrome, browserVersion: 147.0.7727.138, chrome: {chromedriverVersion: 147.0.7727.117 (474cc805edd..., userDataDir: C:\Users\SHASHA~1\AppData\L...}, fedcm:accounts: true, goog:chromeOptions: {debuggerAddress: localhost:51327}, goog:processID: 7396, networkConnectionEnabled: false, pageLoadStrategy: normal, platformName: windows, proxy: Proxy(), se:cdp: ws://localhost:51327/devtoo..., se:cdpVersion: 147.0.7727.138, setWindowRect: true, strictFileInteractability: false, timeouts: {implicit: 0, pageLoad: 300000, script: 30000}, unhandledPromptBehavior: dismiss and notify, webauthn:extension:credBlob: true, webauthn:extension:largeBlob: true, webauthn:extension:minPinLength: true, webauthn:extension:prf: true, webauthn:virtualAuthenticators: true}
Element: [[ChromeDriver: chrome on windows (f2845fc219a92e5eeb5355ec64ba8e94)] -&amp;gt; xpath: //a[contains(text(),&amp;apos;Login&amp;apos;)]]
Session ID: f2845fc219a92e5eeb5355ec64ba8e94">
      <![CDATA[org.openqa.selenium.ElementClickInterceptedException: element click intercepted: Element <a class="BHnOJf" href="/account/login?ret=/">...</a> is not clickable at point (1168, 147). Other element would receive the click: <div class="mcO4kT RFBkxv" tabindex="-1">...</div>
  (Session info: chrome=147.0.7727.138)
Build info: version: '4.21.0', revision: '79ed462ef4'
System info: os.name: 'Windows 11', os.arch: 'amd64', os.version: '10.0', java.version: '21.0.7'
Driver info: org.openqa.selenium.chrome.ChromeDriver
Command: [f2845fc219a92e5eeb5355ec64ba8e94, clickElement {id=f.5C106DFB5ED73F84DD57401AAB3BACAB.d.2D623E6A7686E79620211D446682217D.e.99}]
Capabilities {acceptInsecureCerts: false, browserName: chrome, browserVersion: 147.0.7727.138, chrome: {chromedriverVersion: 147.0.7727.117 (474cc805edd..., userDataDir: C:\Users\SHASHA~1\AppData\L...}, fedcm:accounts: true, goog:chromeOptions: {debuggerAddress: localhost:51327}, goog:processID: 7396, networkConnectionEnabled: false, pageLoadStrategy: normal, platformName: windows, proxy: Proxy(), se:cdp: ws://localhost:51327/devtoo..., se:cdpVersion: 147.0.7727.138, setWindowRect: true, strictFileInteractability: false, timeouts: {implicit: 0, pageLoad: 300000, script: 30000}, unhandledPromptBehavior: dismiss and notify, webauthn:extension:credBlob: true, webauthn:extension:largeBlob: true, webauthn:extension:minPinLength: true, webauthn:extension:prf: true, webauthn:virtualAuthenticators: true}
Element: [[ChromeDriver: chrome on windows (f2845fc219a92e5eeb5355ec64ba8e94)] -> xpath: //a[contains(text(),'Login')]]
Session ID: f2845fc219a92e5eeb5355ec64ba8e94
at org.openqa.selenium.remote.ErrorCodec.decode(ErrorCodec.java:167)
at org.openqa.selenium.remote.codec.w3c.W3CHttpResponseCodec.decode(W3CHttpResponseCodec.java:138)
at org.openqa.selenium.remote.codec.w3c.W3CHttpResponseCodec.decode(W3CHttpResponseCodec.java:50)
at org.openqa.selenium.remote.HttpCommandExecutor.execute(HttpCommandExecutor.java:190)
at org.openqa.selenium.remote.service.DriverCommandExecutor.invokeExecute(DriverCommandExecutor.java:216)
at org.openqa.selenium.remote.service.DriverCommandExecutor.execute(DriverCommandExecutor.java:174)
at org.openqa.selenium.remote.RemoteWebDriver.execute(RemoteWebDriver.java:518)
at org.openqa.selenium.remote.RemoteWebElement.execute(RemoteWebElement.java:223)
at org.openqa.selenium.remote.RemoteWebElement.click(RemoteWebElement.java:76)
at pages.HomePage.clickLogin(HomePage.java:39)
at tests.LoginTest.verifyLoginPageOpens(LoginTest.java:15)
at java.base/java.util.ArrayList.forEach(ArrayList.java:1596)
... Removed 28 stack frames]]>
    </failure>
  </testcase> <!-- verifyLoginPageOpens -->
  <testcase classname="tests.LoginTest" name="verifyLoginWithInvalidCredentials" time="11.122">
    <failure type="org.openqa.selenium.ElementClickInterceptedException" message="element click intercepted: Element &amp;lt;a class=&amp;quot;BHnOJf&amp;quot; href=&amp;quot;/account/login?ret=/&amp;quot;&amp;gt;...&amp;lt;/a&amp;gt; is not clickable at point (1171, 147). Other element would receive the click: &amp;lt;div class=&amp;quot;mcO4kT RFBkxv&amp;quot; tabindex=&amp;quot;-1&amp;quot;&amp;gt;...&amp;lt;/div&amp;gt;
  (Session info: chrome=147.0.7727.138)
Build info: version: &amp;apos;4.21.0&amp;apos;, revision: &amp;apos;79ed462ef4&amp;apos;
System info: os.name: &amp;apos;Windows 11&amp;apos;, os.arch: &amp;apos;amd64&amp;apos;, os.version: &amp;apos;10.0&amp;apos;, java.version: &amp;apos;21.0.7&amp;apos;
Driver info: org.openqa.selenium.chrome.ChromeDriver
Command: [4cc6648d792b2827c3c53256d2c4dc43, clickElement {id=f.39969451AE98A733D3601E03071483EF.d.175E964DF12F07AAE29C481F9DBD7B9A.e.98}]
Capabilities {acceptInsecureCerts: false, browserName: chrome, browserVersion: 147.0.7727.138, chrome: {chromedriverVersion: 147.0.7727.117 (474cc805edd..., userDataDir: C:\Users\SHASHA~1\AppData\L...}, fedcm:accounts: true, goog:chromeOptions: {debuggerAddress: localhost:52232}, goog:processID: 23228, networkConnectionEnabled: false, pageLoadStrategy: normal, platformName: windows, proxy: Proxy(), se:cdp: ws://localhost:52232/devtoo..., se:cdpVersion: 147.0.7727.138, setWindowRect: true, strictFileInteractability: false, timeouts: {implicit: 0, pageLoad: 300000, script: 30000}, unhandledPromptBehavior: dismiss and notify, webauthn:extension:credBlob: true, webauthn:extension:largeBlob: true, webauthn:extension:minPinLength: true, webauthn:extension:prf: true, webauthn:virtualAuthenticators: true}
Element: [[ChromeDriver: chrome on windows (4cc6648d792b2827c3c53256d2c4dc43)] -&amp;gt; xpath: //a[contains(text(),&amp;apos;Login&amp;apos;)]]
Session ID: 4cc6648d792b2827c3c53256d2c4dc43">
      <![CDATA[org.openqa.selenium.ElementClickInterceptedException: element click intercepted: Element <a class="BHnOJf" href="/account/login?ret=/">...</a> is not clickable at point (1171, 147). Other element would receive the click: <div class="mcO4kT RFBkxv" tabindex="-1">...</div>
  (Session info: chrome=147.0.7727.138)
Build info: version: '4.21.0', revision: '79ed462ef4'
System info: os.name: 'Windows 11', os.arch: 'amd64', os.version: '10.0', java.version: '21.0.7'
Driver info: org.openqa.selenium.chrome.ChromeDriver
Command: [4cc6648d792b2827c3c53256d2c4dc43, clickElement {id=f.39969451AE98A733D3601E03071483EF.d.175E964DF12F07AAE29C481F9DBD7B9A.e.98}]
Capabilities {acceptInsecureCerts: false, browserName: chrome, browserVersion: 147.0.7727.138, chrome: {chromedriverVersion: 147.0.7727.117 (474cc805edd..., userDataDir: C:\Users\SHASHA~1\AppData\L...}, fedcm:accounts: true, goog:chromeOptions: {debuggerAddress: localhost:52232}, goog:processID: 23228, networkConnectionEnabled: false, pageLoadStrategy: normal, platformName: windows, proxy: Proxy(), se:cdp: ws://localhost:52232/devtoo..., se:cdpVersion: 147.0.7727.138, setWindowRect: true, strictFileInteractability: false, timeouts: {implicit: 0, pageLoad: 300000, script: 30000}, unhandledPromptBehavior: dismiss and notify, webauthn:extension:credBlob: true, webauthn:extension:largeBlob: true, webauthn:extension:minPinLength: true, webauthn:extension:prf: true, webauthn:virtualAuthenticators: true}
Element: [[ChromeDriver: chrome on windows (4cc6648d792b2827c3c53256d2c4dc43)] -> xpath: //a[contains(text(),'Login')]]
Session ID: 4cc6648d792b2827c3c53256d2c4dc43
at org.openqa.selenium.remote.ErrorCodec.decode(ErrorCodec.java:167)
at org.openqa.selenium.remote.codec.w3c.W3CHttpResponseCodec.decode(W3CHttpResponseCodec.java:138)
at org.openqa.selenium.remote.codec.w3c.W3CHttpResponseCodec.decode(W3CHttpResponseCodec.java:50)
at org.openqa.selenium.remote.HttpCommandExecutor.execute(HttpCommandExecutor.java:190)
at org.openqa.selenium.remote.service.DriverCommandExecutor.invokeExecute(DriverCommandExecutor.java:216)
at org.openqa.selenium.remote.service.DriverCommandExecutor.execute(DriverCommandExecutor.java:174)
at org.openqa.selenium.remote.RemoteWebDriver.execute(RemoteWebDriver.java:518)
at org.openqa.selenium.remote.RemoteWebElement.execute(RemoteWebElement.java:223)
at org.openqa.selenium.remote.RemoteWebElement.click(RemoteWebElement.java:76)
at pages.HomePage.clickLogin(HomePage.java:39)
at tests.LoginTest.verifyLoginWithInvalidCredentials(LoginTest.java:28)
at java.base/java.util.ArrayList.forEach(ArrayList.java:1596)
... Removed 28 stack frames]]>
    </failure>
  </testcase> <!-- verifyLoginWithInvalidCredentials -->
  <testcase classname="tests.SearchTest" name="searchForLaptop" time="73.527"/>
  <testcase classname="tests.SearchTest" name="searchForMobile" time="20.11">
    <failure type="org.openqa.selenium.ElementNotInteractableException" message="element not interactable
  (Session info: chrome=147.0.7727.138)
Build info: version: &amp;apos;4.21.0&amp;apos;, revision: &amp;apos;79ed462ef4&amp;apos;
System info: os.name: &amp;apos;Windows 11&amp;apos;, os.arch: &amp;apos;amd64&amp;apos;, os.version: &amp;apos;10.0&amp;apos;, java.version: &amp;apos;21.0.7&amp;apos;
Driver info: org.openqa.selenium.chrome.ChromeDriver
Command: [6723604e916ef52c8abc51c19fad26cf, clearElement {id=f.13D5B18AC95C43688A10F83D2DC5928D.d.86DF69DA0869BDB3AD153DC20935AF49.e.57}]
Capabilities {acceptInsecureCerts: false, browserName: chrome, browserVersion: 147.0.7727.138, chrome: {chromedriverVersion: 147.0.7727.117 (474cc805edd..., userDataDir: C:\Users\SHASHA~1\AppData\L...}, fedcm:accounts: true, goog:chromeOptions: {debuggerAddress: localhost:62659}, goog:processID: 6588, networkConnectionEnabled: false, pageLoadStrategy: normal, platformName: windows, proxy: Proxy(), se:cdp: ws://localhost:62659/devtoo..., se:cdpVersion: 147.0.7727.138, setWindowRect: true, strictFileInteractability: false, timeouts: {implicit: 0, pageLoad: 300000, script: 30000}, unhandledPromptBehavior: dismiss and notify, webauthn:extension:credBlob: true, webauthn:extension:largeBlob: true, webauthn:extension:minPinLength: true, webauthn:extension:prf: true, webauthn:virtualAuthenticators: true}
Element: [[ChromeDriver: chrome on windows (6723604e916ef52c8abc51c19fad26cf)] -&amp;gt; name: q]
Session ID: 6723604e916ef52c8abc51c19fad26cf">
      <![CDATA[org.openqa.selenium.ElementNotInteractableException: element not interactable
  (Session info: chrome=147.0.7727.138)
Build info: version: '4.21.0', revision: '79ed462ef4'
System info: os.name: 'Windows 11', os.arch: 'amd64', os.version: '10.0', java.version: '21.0.7'
Driver info: org.openqa.selenium.chrome.ChromeDriver
Command: [6723604e916ef52c8abc51c19fad26cf, clearElement {id=f.13D5B18AC95C43688A10F83D2DC5928D.d.86DF69DA0869BDB3AD153DC20935AF49.e.57}]
Capabilities {acceptInsecureCerts: false, browserName: chrome, browserVersion: 147.0.7727.138, chrome: {chromedriverVersion: 147.0.7727.117 (474cc805edd..., userDataDir: C:\Users\SHASHA~1\AppData\L...}, fedcm:accounts: true, goog:chromeOptions: {debuggerAddress: localhost:62659}, goog:processID: 6588, networkConnectionEnabled: false, pageLoadStrategy: normal, platformName: windows, proxy: Proxy(), se:cdp: ws://localhost:62659/devtoo..., se:cdpVersion: 147.0.7727.138, setWindowRect: true, strictFileInteractability: false, timeouts: {implicit: 0, pageLoad: 300000, script: 30000}, unhandledPromptBehavior: dismiss and notify, webauthn:extension:credBlob: true, webauthn:extension:largeBlob: true, webauthn:extension:minPinLength: true, webauthn:extension:prf: true, webauthn:virtualAuthenticators: true}
Element: [[ChromeDriver: chrome on windows (6723604e916ef52c8abc51c19fad26cf)] -> name: q]
Session ID: 6723604e916ef52c8abc51c19fad26cf
at org.openqa.selenium.remote.ErrorCodec.decode(ErrorCodec.java:167)
at org.openqa.selenium.remote.codec.w3c.W3CHttpResponseCodec.decode(W3CHttpResponseCodec.java:138)
at org.openqa.selenium.remote.codec.w3c.W3CHttpResponseCodec.decode(W3CHttpResponseCodec.java:50)
at org.openqa.selenium.remote.HttpCommandExecutor.execute(HttpCommandExecutor.java:190)
at org.openqa.selenium.remote.service.DriverCommandExecutor.invokeExecute(DriverCommandExecutor.java:216)
at org.openqa.selenium.remote.service.DriverCommandExecutor.execute(DriverCommandExecutor.java:174)
at org.openqa.selenium.remote.RemoteWebDriver.execute(RemoteWebDriver.java:518)
at org.openqa.selenium.remote.RemoteWebElement.execute(RemoteWebElement.java:223)
at org.openqa.selenium.remote.RemoteWebElement.clear(RemoteWebElement.java:129)
at pages.HomePage.searchProduct(HomePage.java:33)
at tests.SearchTest.searchForMobile(SearchTest.java:15)
at java.base/java.util.ArrayList.forEach(ArrayList.java:1596)
... Removed 28 stack frames]]>
    </failure>
  </testcase> <!-- searchForMobile -->
  <testcase classname="tests.SearchTest" name="verifySearchURLContainsKeyword" time="12.082"/>
</testsuite> <!-- Test -->
